{"/home/jerad/VSCode/Personal/WealthGuardLK/src/lib/taxEngine.ts": {"path":"/home/jerad/VSCode/Personal/WealthGuardLK/src/lib/taxEngine.ts","statementMap":{"0":{"start":{"line":25,"column":60},"end":{"line":92,"column":null}},"1":{"start":{"line":94,"column":25},"end":{"line":94,"column":null}},"2":{"start":{"line":102,"column":82},"end":{"line":243,"column":null}},"3":{"start":{"line":257,"column":76},"end":{"line":378,"column":null}},"4":{"start":{"line":395,"column":21},"end":{"line":395,"column":null}},"5":{"start":{"line":399,"column":23},"end":{"line":399,"column":null}},"6":{"start":{"line":402,"column":26},"end":{"line":402,"column":null}},"7":{"start":{"line":404,"column":27},"end":{"line":404,"column":null}},"8":{"start":{"line":405,"column":30},"end":{"line":405,"column":null}},"9":{"start":{"line":407,"column":2},"end":{"line":407,"column":null}},"10":{"start":{"line":407,"column":26},"end":{"line":407,"column":null}},"11":{"start":{"line":410,"column":31},"end":{"line":410,"column":null}},"12":{"start":{"line":411,"column":29},"end":{"line":411,"column":null}},"13":{"start":{"line":414,"column":34},"end":{"line":414,"column":null}},"14":{"start":{"line":416,"column":2},"end":{"line":416,"column":null}},"15":{"start":{"line":423,"column":15},"end":{"line":423,"column":null}},"16":{"start":{"line":426,"column":2},"end":{"line":428,"column":null}},"17":{"start":{"line":427,"column":4},"end":{"line":427,"column":null}},"18":{"start":{"line":431,"column":2},"end":{"line":433,"column":null}},"19":{"start":{"line":432,"column":4},"end":{"line":432,"column":null}},"20":{"start":{"line":436,"column":2},"end":{"line":436,"column":null}},"21":{"start":{"line":443,"column":23},"end":{"line":443,"column":null}},"22":{"start":{"line":444,"column":21},"end":{"line":444,"column":null}},"23":{"start":{"line":446,"column":2},"end":{"line":466,"column":null}},"24":{"start":{"line":447,"column":25},"end":{"line":447,"column":null}},"25":{"start":{"line":449,"column":4},"end":{"line":449,"column":null}},"26":{"start":{"line":449,"column":35},"end":{"line":449,"column":null}},"27":{"start":{"line":451,"column":4},"end":{"line":456,"column":null}},"28":{"start":{"line":452,"column":27},"end":{"line":452,"column":null}},"29":{"start":{"line":453,"column":6},"end":{"line":453,"column":null}},"30":{"start":{"line":453,"column":39},"end":{"line":453,"column":null}},"31":{"start":{"line":454,"column":4},"end":{"line":456,"column":null}},"32":{"start":{"line":455,"column":6},"end":{"line":455,"column":null}},"33":{"start":{"line":458,"column":4},"end":{"line":463,"column":null}},"34":{"start":{"line":459,"column":25},"end":{"line":459,"column":null}},"35":{"start":{"line":460,"column":6},"end":{"line":460,"column":null}},"36":{"start":{"line":460,"column":37},"end":{"line":460,"column":null}},"37":{"start":{"line":461,"column":4},"end":{"line":463,"column":null}},"38":{"start":{"line":462,"column":6},"end":{"line":462,"column":null}},"39":{"start":{"line":465,"column":4},"end":{"line":465,"column":null}},"40":{"start":{"line":476,"column":2},"end":{"line":478,"column":null}},"41":{"start":{"line":477,"column":4},"end":{"line":477,"column":null}},"42":{"start":{"line":480,"column":19},"end":{"line":480,"column":null}},"43":{"start":{"line":481,"column":26},"end":{"line":481,"column":null}},"44":{"start":{"line":484,"column":2},"end":{"line":489,"column":null}},"45":{"start":{"line":501,"column":2},"end":{"line":503,"column":null}},"46":{"start":{"line":502,"column":4},"end":{"line":502,"column":null}},"47":{"start":{"line":505,"column":19},"end":{"line":505,"column":null}},"48":{"start":{"line":508,"column":22},"end":{"line":510,"column":null}},"49":{"start":{"line":509,"column":4},"end":{"line":509,"column":null}},"50":{"start":{"line":513,"column":2},"end":{"line":521,"column":null}},"51":{"start":{"line":515,"column":25},"end":{"line":515,"column":null}},"52":{"start":{"line":517,"column":4},"end":{"line":520,"column":null}},"53":{"start":{"line":519,"column":6},"end":{"line":519,"column":null}},"54":{"start":{"line":525,"column":23},"end":{"line":525,"column":null}},"55":{"start":{"line":526,"column":2},"end":{"line":529,"column":null}},"56":{"start":{"line":528,"column":4},"end":{"line":528,"column":null}},"57":{"start":{"line":532,"column":2},"end":{"line":532,"column":null}},"58":{"start":{"line":539,"column":125},"end":{"line":539,"column":null}},"59":{"start":{"line":542,"column":2},"end":{"line":585,"column":null}},"60":{"start":{"line":544,"column":4},"end":{"line":567,"column":null}},"61":{"start":{"line":545,"column":26},"end":{"line":548,"column":null}},"62":{"start":{"line":547,"column":8},"end":{"line":547,"column":null}},"63":{"start":{"line":549,"column":6},"end":{"line":566,"column":null}},"64":{"start":{"line":551,"column":28},"end":{"line":551,"column":null}},"65":{"start":{"line":552,"column":8},"end":{"line":557,"column":null}},"66":{"start":{"line":553,"column":31},"end":{"line":553,"column":null}},"67":{"start":{"line":554,"column":10},"end":{"line":556,"column":null}},"68":{"start":{"line":555,"column":12},"end":{"line":555,"column":null}},"69":{"start":{"line":559,"column":8},"end":{"line":565,"column":null}},"70":{"start":{"line":570,"column":4},"end":{"line":584,"column":null}},"71":{"start":{"line":571,"column":26},"end":{"line":574,"column":null}},"72":{"start":{"line":573,"column":8},"end":{"line":573,"column":null}},"73":{"start":{"line":575,"column":6},"end":{"line":583,"column":null}},"74":{"start":{"line":576,"column":8},"end":{"line":582,"column":null}},"75":{"start":{"line":587,"column":2},"end":{"line":587,"column":null}},"76":{"start":{"line":605,"column":25},"end":{"line":605,"column":null}},"77":{"start":{"line":606,"column":23},"end":{"line":606,"column":null}},"78":{"start":{"line":607,"column":25},"end":{"line":607,"column":null}},"79":{"start":{"line":608,"column":18},"end":{"line":608,"column":null}},"80":{"start":{"line":609,"column":17},"end":{"line":609,"column":null}},"81":{"start":{"line":612,"column":2},"end":{"line":640,"column":null}},"82":{"start":{"line":613,"column":4},"end":{"line":639,"column":null}},"83":{"start":{"line":615,"column":20},"end":{"line":615,"column":null}},"84":{"start":{"line":616,"column":8},"end":{"line":616,"column":null}},"85":{"start":{"line":617,"column":8},"end":{"line":617,"column":null}},"86":{"start":{"line":618,"column":8},"end":{"line":618,"column":null}},"87":{"start":{"line":621,"column":20},"end":{"line":621,"column":null}},"88":{"start":{"line":622,"column":8},"end":{"line":622,"column":null}},"89":{"start":{"line":623,"column":8},"end":{"line":623,"column":null}},"90":{"start":{"line":626,"column":20},"end":{"line":626,"column":null}},"91":{"start":{"line":627,"column":28},"end":{"line":627,"column":null}},"92":{"start":{"line":630,"column":8},"end":{"line":633,"column":null}},"93":{"start":{"line":631,"column":25},"end":{"line":631,"column":null}},"94":{"start":{"line":632,"column":10},"end":{"line":632,"column":null}},"95":{"start":{"line":635,"column":8},"end":{"line":635,"column":null}},"96":{"start":{"line":636,"column":8},"end":{"line":636,"column":null}},"97":{"start":{"line":637,"column":8},"end":{"line":637,"column":null}},"98":{"start":{"line":643,"column":2},"end":{"line":649,"column":null}},"99":{"start":{"line":644,"column":27},"end":{"line":644,"column":null}},"100":{"start":{"line":645,"column":4},"end":{"line":648,"column":null}},"101":{"start":{"line":646,"column":6},"end":{"line":646,"column":null}},"102":{"start":{"line":647,"column":6},"end":{"line":647,"column":null}},"103":{"start":{"line":651,"column":2},"end":{"line":658,"column":null}},"104":{"start":{"line":665,"column":17},"end":{"line":665,"column":null}},"105":{"start":{"line":666,"column":12},"end":{"line":666,"column":null}},"106":{"start":{"line":667,"column":22},"end":{"line":667,"column":null}},"107":{"start":{"line":669,"column":2},"end":{"line":679,"column":null}},"108":{"start":{"line":670,"column":4},"end":{"line":670,"column":null}},"109":{"start":{"line":670,"column":40},"end":{"line":670,"column":null}},"110":{"start":{"line":672,"column":29},"end":{"line":675,"column":null}},"111":{"start":{"line":677,"column":4},"end":{"line":677,"column":null}},"112":{"start":{"line":678,"column":4},"end":{"line":678,"column":null}},"113":{"start":{"line":681,"column":2},"end":{"line":681,"column":null}},"114":{"start":{"line":697,"column":6},"end":{"line":697,"column":null}},"115":{"start":{"line":700,"column":17},"end":{"line":700,"column":null}},"116":{"start":{"line":703,"column":22},"end":{"line":703,"column":null}},"117":{"start":{"line":706,"column":27},"end":{"line":706,"column":null}},"118":{"start":{"line":709,"column":24},"end":{"line":712,"column":null}},"119":{"start":{"line":715,"column":22},"end":{"line":715,"column":null}},"120":{"start":{"line":718,"column":21},"end":{"line":721,"column":null}},"121":{"start":{"line":723,"column":2},"end":{"line":736,"column":null}},"122":{"start":{"line":751,"column":22},"end":{"line":753,"column":null}},"123":{"start":{"line":752,"column":13},"end":{"line":752,"column":83}},"124":{"start":{"line":753,"column":24},"end":{"line":753,"column":49}},"125":{"start":{"line":756,"column":21},"end":{"line":758,"column":null}},"126":{"start":{"line":757,"column":19},"end":{"line":757,"column":78}},"127":{"start":{"line":758,"column":24},"end":{"line":758,"column":60}},"128":{"start":{"line":761,"column":27},"end":{"line":768,"column":null}},"129":{"start":{"line":762,"column":19},"end":{"line":762,"column":96}},"130":{"start":{"line":764,"column":27},"end":{"line":766,"column":null}},"131":{"start":{"line":765,"column":23},"end":{"line":765,"column":48}},"132":{"start":{"line":766,"column":30},"end":{"line":766,"column":48}},"133":{"start":{"line":767,"column":6},"end":{"line":767,"column":null}},"134":{"start":{"line":771,"column":19},"end":{"line":773,"column":null}},"135":{"start":{"line":772,"column":13},"end":{"line":772,"column":63}},"136":{"start":{"line":773,"column":24},"end":{"line":773,"column":48}},"137":{"start":{"line":776,"column":22},"end":{"line":776,"column":null}},"138":{"start":{"line":777,"column":21},"end":{"line":777,"column":null}},"139":{"start":{"line":779,"column":2},"end":{"line":788,"column":null}},"140":{"start":{"line":780,"column":4},"end":{"line":780,"column":null}},"141":{"start":{"line":780,"column":48},"end":{"line":780,"column":null}},"142":{"start":{"line":782,"column":25},"end":{"line":782,"column":null}},"143":{"start":{"line":782,"column":48},"end":{"line":782,"column":84}},"144":{"start":{"line":784,"column":4},"end":{"line":787,"column":null}},"145":{"start":{"line":785,"column":6},"end":{"line":785,"column":null}},"146":{"start":{"line":786,"column":6},"end":{"line":786,"column":null}},"147":{"start":{"line":790,"column":23},"end":{"line":790,"column":null}},"148":{"start":{"line":793,"column":26},"end":{"line":797,"column":null}},"149":{"start":{"line":794,"column":26},"end":{"line":794,"column":51}},"150":{"start":{"line":800,"column":25},"end":{"line":800,"column":null}},"151":{"start":{"line":803,"column":20},"end":{"line":803,"column":null}},"152":{"start":{"line":804,"column":24},"end":{"line":804,"column":null}},"153":{"start":{"line":809,"column":32},"end":{"line":809,"column":null}},"154":{"start":{"line":812,"column":24},"end":{"line":812,"column":null}},"155":{"start":{"line":813,"column":20},"end":{"line":813,"column":null}},"156":{"start":{"line":816,"column":49},"end":{"line":816,"column":null}},"157":{"start":{"line":817,"column":2},"end":{"line":821,"column":null}},"158":{"start":{"line":818,"column":4},"end":{"line":818,"column":null}},"159":{"start":{"line":819,"column":2},"end":{"line":821,"column":null}},"160":{"start":{"line":820,"column":4},"end":{"line":820,"column":null}},"161":{"start":{"line":823,"column":2},"end":{"line":851,"column":null}},"162":{"start":{"line":861,"column":2},"end":{"line":866,"column":null}},"163":{"start":{"line":862,"column":4},"end":{"line":865,"column":null}},"164":{"start":{"line":868,"column":23},"end":{"line":871,"column":null}},"165":{"start":{"line":869,"column":21},"end":{"line":869,"column":null}},"166":{"start":{"line":873,"column":28},"end":{"line":873,"column":null}},"167":{"start":{"line":875,"column":2},"end":{"line":878,"column":null}},"168":{"start":{"line":885,"column":16},"end":{"line":885,"column":null}},"169":{"start":{"line":886,"column":2},"end":{"line":889,"column":null}},"170":{"start":{"line":901,"column":17},"end":{"line":901,"column":null}},"171":{"start":{"line":902,"column":22},"end":{"line":902,"column":null}},"172":{"start":{"line":903,"column":20},"end":{"line":903,"column":null}},"173":{"start":{"line":906,"column":25},"end":{"line":906,"column":null}},"174":{"start":{"line":906,"column":53},"end":{"line":906,"column":78}},"175":{"start":{"line":908,"column":2},"end":{"line":927,"column":null}},"176":{"start":{"line":909,"column":4},"end":{"line":909,"column":null}},"177":{"start":{"line":909,"column":40},"end":{"line":909,"column":null}},"178":{"start":{"line":911,"column":18},"end":{"line":911,"column":null}},"179":{"start":{"line":912,"column":29},"end":{"line":915,"column":null}},"180":{"start":{"line":917,"column":22},"end":{"line":917,"column":null}},"181":{"start":{"line":919,"column":4},"end":{"line":924,"column":null}},"182":{"start":{"line":926,"column":4},"end":{"line":926,"column":null}},"183":{"start":{"line":929,"column":2},"end":{"line":929,"column":null}}},"fnMap":{"0":{"name":"calculatePreciousItemMarketValue","decl":{"start":{"line":389,"column":16},"end":{"line":389,"column":null}},"loc":{"start":{"line":394,"column":10},"end":{"line":417,"column":null}},"line":394},"1":{"name":"getTaxConfig","decl":{"start":{"line":422,"column":16},"end":{"line":422,"column":29}},"loc":{"start":{"line":422,"column":61},"end":{"line":437,"column":null}},"line":422},"2":{"name":"filterAssetsForTaxYear","decl":{"start":{"line":442,"column":16},"end":{"line":442,"column":39}},"loc":{"start":{"line":442,"column":82},"end":{"line":467,"column":null}},"line":442},"3":{"name":"(anonymous_3)","decl":{"start":{"line":446,"column":23},"end":{"line":446,"column":24}},"loc":{"start":{"line":446,"column":34},"end":{"line":466,"column":3}},"line":446},"4":{"name":"getJewelleryMarketValue","decl":{"start":{"line":475,"column":16},"end":{"line":475,"column":40}},"loc":{"start":{"line":475,"column":79},"end":{"line":490,"column":null}},"line":475},"5":{"name":"getForeignCurrencyMarketValue","decl":{"start":{"line":499,"column":16},"end":{"line":499,"column":46}},"loc":{"start":{"line":499,"column":85},"end":{"line":533,"column":null}},"line":499},"6":{"name":"(anonymous_6)","decl":{"start":{"line":508,"column":43},"end":{"line":508,"column":44}},"loc":{"start":{"line":508,"column":50},"end":{"line":510,"column":3}},"line":508},"7":{"name":"calculateDerivedInvestmentIncome","decl":{"start":{"line":538,"column":16},"end":{"line":538,"column":49}},"loc":{"start":{"line":538,"column":191},"end":{"line":588,"column":null}},"line":538},"8":{"name":"(anonymous_8)","decl":{"start":{"line":542,"column":17},"end":{"line":542,"column":18}},"loc":{"start":{"line":542,"column":28},"end":{"line":585,"column":3}},"line":542},"9":{"name":"(anonymous_9)","decl":{"start":{"line":545,"column":46},"end":{"line":545,"column":47}},"loc":{"start":{"line":545,"column":53},"end":{"line":548,"column":7}},"line":545},"10":{"name":"(anonymous_10)","decl":{"start":{"line":571,"column":46},"end":{"line":571,"column":47}},"loc":{"start":{"line":571,"column":53},"end":{"line":574,"column":7}},"line":571},"11":{"name":"calculateTotalIncome","decl":{"start":{"line":593,"column":16},"end":{"line":593,"column":null}},"loc":{"start":{"line":604,"column":2},"end":{"line":659,"column":null}},"line":604},"12":{"name":"(anonymous_12)","decl":{"start":{"line":612,"column":18},"end":{"line":612,"column":19}},"loc":{"start":{"line":612,"column":30},"end":{"line":640,"column":3}},"line":612},"13":{"name":"(anonymous_13)","decl":{"start":{"line":645,"column":27},"end":{"line":645,"column":34}},"loc":{"start":{"line":645,"column":34},"end":{"line":648,"column":5}},"line":645},"14":{"name":"calculateProgressiveTax","decl":{"start":{"line":664,"column":16},"end":{"line":664,"column":40}},"loc":{"start":{"line":664,"column":97},"end":{"line":682,"column":null}},"line":664},"15":{"name":"computeTax","decl":{"start":{"line":687,"column":16},"end":{"line":687,"column":null}},"loc":{"start":{"line":692,"column":18},"end":{"line":737,"column":null}},"line":692},"16":{"name":"calculateAuditRisk","decl":{"start":{"line":744,"column":16},"end":{"line":744,"column":null}},"loc":{"start":{"line":749,"column":13},"end":{"line":852,"column":null}},"line":749},"17":{"name":"(anonymous_17)","decl":{"start":{"line":752,"column":12},"end":{"line":752,"column":13}},"loc":{"start":{"line":752,"column":13},"end":{"line":752,"column":83}},"line":752},"18":{"name":"(anonymous_18)","decl":{"start":{"line":753,"column":12},"end":{"line":753,"column":13}},"loc":{"start":{"line":753,"column":24},"end":{"line":753,"column":49}},"line":753},"19":{"name":"(anonymous_19)","decl":{"start":{"line":757,"column":12},"end":{"line":757,"column":13}},"loc":{"start":{"line":757,"column":19},"end":{"line":757,"column":78}},"line":757},"20":{"name":"(anonymous_20)","decl":{"start":{"line":758,"column":12},"end":{"line":758,"column":13}},"loc":{"start":{"line":758,"column":24},"end":{"line":758,"column":60}},"line":758},"21":{"name":"(anonymous_21)","decl":{"start":{"line":762,"column":12},"end":{"line":762,"column":13}},"loc":{"start":{"line":762,"column":19},"end":{"line":762,"column":96}},"line":762},"22":{"name":"(anonymous_22)","decl":{"start":{"line":763,"column":12},"end":{"line":763,"column":13}},"loc":{"start":{"line":763,"column":24},"end":{"line":768,"column":7}},"line":763},"23":{"name":"(anonymous_23)","decl":{"start":{"line":765,"column":16},"end":{"line":765,"column":17}},"loc":{"start":{"line":765,"column":23},"end":{"line":765,"column":48}},"line":765},"24":{"name":"(anonymous_24)","decl":{"start":{"line":766,"column":16},"end":{"line":766,"column":17}},"loc":{"start":{"line":766,"column":30},"end":{"line":766,"column":48}},"line":766},"25":{"name":"(anonymous_25)","decl":{"start":{"line":772,"column":12},"end":{"line":772,"column":13}},"loc":{"start":{"line":772,"column":13},"end":{"line":772,"column":63}},"line":772},"26":{"name":"(anonymous_26)","decl":{"start":{"line":773,"column":12},"end":{"line":773,"column":13}},"loc":{"start":{"line":773,"column":24},"end":{"line":773,"column":48}},"line":773},"27":{"name":"(anonymous_27)","decl":{"start":{"line":779,"column":22},"end":{"line":779,"column":23}},"loc":{"start":{"line":779,"column":29},"end":{"line":788,"column":3}},"line":779},"28":{"name":"(anonymous_28)","decl":{"start":{"line":782,"column":43},"end":{"line":782,"column":48}},"loc":{"start":{"line":782,"column":48},"end":{"line":782,"column":84}},"line":782},"29":{"name":"(anonymous_29)","decl":{"start":{"line":784,"column":25},"end":{"line":784,"column":30}},"loc":{"start":{"line":784,"column":30},"end":{"line":787,"column":5}},"line":784},"30":{"name":"(anonymous_30)","decl":{"start":{"line":794,"column":19},"end":{"line":794,"column":20}},"loc":{"start":{"line":794,"column":26},"end":{"line":794,"column":51}},"line":794},"31":{"name":"validateSourceOfFunds","decl":{"start":{"line":857,"column":16},"end":{"line":857,"column":38}},"loc":{"start":{"line":860,"column":2},"end":{"line":879,"column":null}},"line":860},"32":{"name":"(anonymous_32)","decl":{"start":{"line":869,"column":4},"end":{"line":869,"column":5}},"loc":{"start":{"line":869,"column":21},"end":{"line":869,"column":null}},"line":869},"33":{"name":"formatLKR","decl":{"start":{"line":884,"column":16},"end":{"line":884,"column":26}},"loc":{"start":{"line":884,"column":69},"end":{"line":890,"column":null}},"line":884},"34":{"name":"getTaxBreakdown","decl":{"start":{"line":895,"column":16},"end":{"line":895,"column":32}},"loc":{"start":{"line":900,"column":4},"end":{"line":930,"column":null}},"line":900},"35":{"name":"(anonymous_35)","decl":{"start":{"line":906,"column":48},"end":{"line":906,"column":53}},"loc":{"start":{"line":906,"column":53},"end":{"line":906,"column":78}},"line":906}},"branchMap":{"0":{"loc":{"start":{"line":395,"column":21},"end":{"line":395,"column":null}},"type":"binary-expr","locations":[{"start":{"line":395,"column":21},"end":{"line":395,"column":62}},{"start":{"line":395,"column":62},"end":{"line":395,"column":null}}],"line":395},"1":{"loc":{"start":{"line":399,"column":23},"end":{"line":399,"column":null}},"type":"binary-expr","locations":[{"start":{"line":399,"column":23},"end":{"line":399,"column":54}},{"start":{"line":399,"column":54},"end":{"line":399,"column":null}}],"line":399},"2":{"loc":{"start":{"line":402,"column":26},"end":{"line":402,"column":null}},"type":"binary-expr","locations":[{"start":{"line":402,"column":26},"end":{"line":402,"column":49}},{"start":{"line":402,"column":49},"end":{"line":402,"column":null}}],"line":402},"3":{"loc":{"start":{"line":404,"column":27},"end":{"line":404,"column":null}},"type":"binary-expr","locations":[{"start":{"line":404,"column":27},"end":{"line":404,"column":76}},{"start":{"line":404,"column":76},"end":{"line":404,"column":null}}],"line":404},"4":{"loc":{"start":{"line":405,"column":30},"end":{"line":405,"column":null}},"type":"binary-expr","locations":[{"start":{"line":405,"column":30},"end":{"line":405,"column":71}},{"start":{"line":405,"column":71},"end":{"line":405,"column":null}}],"line":405},"5":{"loc":{"start":{"line":407,"column":2},"end":{"line":407,"column":null}},"type":"if","locations":[{"start":{"line":407,"column":2},"end":{"line":407,"column":null}},{"start":{},"end":{}}],"line":407},"6":{"loc":{"start":{"line":426,"column":2},"end":{"line":428,"column":null}},"type":"if","locations":[{"start":{"line":426,"column":2},"end":{"line":428,"column":null}},{"start":{},"end":{}}],"line":426},"7":{"loc":{"start":{"line":431,"column":2},"end":{"line":433,"column":null}},"type":"if","locations":[{"start":{"line":431,"column":2},"end":{"line":433,"column":null}},{"start":{},"end":{}}],"line":431},"8":{"loc":{"start":{"line":449,"column":4},"end":{"line":449,"column":null}},"type":"if","locations":[{"start":{"line":449,"column":4},"end":{"line":449,"column":null}},{"start":{},"end":{}}],"line":449},"9":{"loc":{"start":{"line":451,"column":4},"end":{"line":456,"column":null}},"type":"if","locations":[{"start":{"line":451,"column":4},"end":{"line":456,"column":null}},{"start":{"line":454,"column":4},"end":{"line":456,"column":null}}],"line":451},"10":{"loc":{"start":{"line":451,"column":8},"end":{"line":451,"column":47}},"type":"binary-expr","locations":[{"start":{"line":451,"column":8},"end":{"line":451,"column":26}},{"start":{"line":451,"column":26},"end":{"line":451,"column":47}}],"line":451},"11":{"loc":{"start":{"line":453,"column":6},"end":{"line":453,"column":null}},"type":"if","locations":[{"start":{"line":453,"column":6},"end":{"line":453,"column":null}},{"start":{},"end":{}}],"line":453},"12":{"loc":{"start":{"line":454,"column":4},"end":{"line":456,"column":null}},"type":"if","locations":[{"start":{"line":454,"column":4},"end":{"line":456,"column":null}},{"start":{},"end":{}}],"line":454},"13":{"loc":{"start":{"line":458,"column":4},"end":{"line":463,"column":null}},"type":"if","locations":[{"start":{"line":458,"column":4},"end":{"line":463,"column":null}},{"start":{"line":461,"column":4},"end":{"line":463,"column":null}}],"line":458},"14":{"loc":{"start":{"line":458,"column":8},"end":{"line":458,"column":43}},"type":"binary-expr","locations":[{"start":{"line":458,"column":8},"end":{"line":458,"column":24}},{"start":{"line":458,"column":24},"end":{"line":458,"column":43}}],"line":458},"15":{"loc":{"start":{"line":460,"column":6},"end":{"line":460,"column":null}},"type":"if","locations":[{"start":{"line":460,"column":6},"end":{"line":460,"column":null}},{"start":{},"end":{}}],"line":460},"16":{"loc":{"start":{"line":461,"column":4},"end":{"line":463,"column":null}},"type":"if","locations":[{"start":{"line":461,"column":4},"end":{"line":463,"column":null}},{"start":{},"end":{}}],"line":461},"17":{"loc":{"start":{"line":476,"column":2},"end":{"line":478,"column":null}},"type":"if","locations":[{"start":{"line":476,"column":2},"end":{"line":478,"column":null}},{"start":{},"end":{}}],"line":476},"18":{"loc":{"start":{"line":480,"column":19},"end":{"line":480,"column":null}},"type":"binary-expr","locations":[{"start":{"line":480,"column":19},"end":{"line":480,"column":42}},{"start":{"line":480,"column":42},"end":{"line":480,"column":null}}],"line":480},"19":{"loc":{"start":{"line":501,"column":2},"end":{"line":503,"column":null}},"type":"if","locations":[{"start":{"line":501,"column":2},"end":{"line":503,"column":null}},{"start":{},"end":{}}],"line":501},"20":{"loc":{"start":{"line":501,"column":6},"end":{"line":501,"column":93}},"type":"binary-expr","locations":[{"start":{"line":501,"column":6},"end":{"line":501,"column":38}},{"start":{"line":501,"column":38},"end":{"line":501,"column":62}},{"start":{"line":501,"column":62},"end":{"line":501,"column":93}}],"line":501},"21":{"loc":{"start":{"line":509,"column":11},"end":{"line":509,"column":null}},"type":"binary-expr","locations":[{"start":{"line":509,"column":11},"end":{"line":509,"column":36}},{"start":{"line":509,"column":36},"end":{"line":509,"column":null}}],"line":509},"22":{"loc":{"start":{"line":513,"column":2},"end":{"line":521,"column":null}},"type":"if","locations":[{"start":{"line":513,"column":2},"end":{"line":521,"column":null}},{"start":{},"end":{}}],"line":513},"23":{"loc":{"start":{"line":517,"column":4},"end":{"line":520,"column":null}},"type":"if","locations":[{"start":{"line":517,"column":4},"end":{"line":520,"column":null}},{"start":{},"end":{}}],"line":517},"24":{"loc":{"start":{"line":526,"column":2},"end":{"line":529,"column":null}},"type":"if","locations":[{"start":{"line":526,"column":2},"end":{"line":529,"column":null}},{"start":{},"end":{}}],"line":526},"25":{"loc":{"start":{"line":544,"column":4},"end":{"line":567,"column":null}},"type":"if","locations":[{"start":{"line":544,"column":4},"end":{"line":567,"column":null}},{"start":{},"end":{}}],"line":544},"26":{"loc":{"start":{"line":544,"column":4},"end":{"line":544,"column":121}},"type":"binary-expr","locations":[{"start":{"line":544,"column":9},"end":{"line":544,"column":41}},{"start":{"line":544,"column":41},"end":{"line":544,"column":73}},{"start":{"line":544,"column":73},"end":{"line":544,"column":105}},{"start":{"line":544,"column":105},"end":{"line":544,"column":121}}],"line":544},"27":{"loc":{"start":{"line":547,"column":15},"end":{"line":547,"column":null}},"type":"binary-expr","locations":[{"start":{"line":547,"column":15},"end":{"line":547,"column":40}},{"start":{"line":547,"column":40},"end":{"line":547,"column":null}}],"line":547},"28":{"loc":{"start":{"line":549,"column":6},"end":{"line":566,"column":null}},"type":"if","locations":[{"start":{"line":549,"column":6},"end":{"line":566,"column":null}},{"start":{},"end":{}}],"line":549},"29":{"loc":{"start":{"line":549,"column":10},"end":{"line":549,"column":57}},"type":"binary-expr","locations":[{"start":{"line":549,"column":10},"end":{"line":549,"column":25}},{"start":{"line":549,"column":25},"end":{"line":549,"column":57}}],"line":549},"30":{"loc":{"start":{"line":552,"column":8},"end":{"line":557,"column":null}},"type":"if","locations":[{"start":{"line":552,"column":8},"end":{"line":557,"column":null}},{"start":{},"end":{}}],"line":552},"31":{"loc":{"start":{"line":552,"column":12},"end":{"line":552,"column":98}},"type":"binary-expr","locations":[{"start":{"line":552,"column":12},"end":{"line":552,"column":44}},{"start":{"line":552,"column":44},"end":{"line":552,"column":67}},{"start":{"line":552,"column":67},"end":{"line":552,"column":98}}],"line":552},"32":{"loc":{"start":{"line":554,"column":10},"end":{"line":556,"column":null}},"type":"if","locations":[{"start":{"line":554,"column":10},"end":{"line":556,"column":null}},{"start":{},"end":{}}],"line":554},"33":{"loc":{"start":{"line":562,"column":18},"end":{"line":562,"column":null}},"type":"cond-expr","locations":[{"start":{"line":562,"column":43},"end":{"line":562,"column":111}},{"start":{"line":562,"column":111},"end":{"line":562,"column":null}}],"line":562},"34":{"loc":{"start":{"line":562,"column":46},"end":{"line":562,"column":78}},"type":"binary-expr","locations":[{"start":{"line":562,"column":46},"end":{"line":562,"column":69}},{"start":{"line":562,"column":69},"end":{"line":562,"column":78}}],"line":562},"35":{"loc":{"start":{"line":562,"column":111},"end":{"line":562,"column":null}},"type":"binary-expr","locations":[{"start":{"line":562,"column":111},"end":{"line":562,"column":134}},{"start":{"line":562,"column":134},"end":{"line":562,"column":null}}],"line":562},"36":{"loc":{"start":{"line":570,"column":4},"end":{"line":584,"column":null}},"type":"if","locations":[{"start":{"line":570,"column":4},"end":{"line":584,"column":null}},{"start":{},"end":{}}],"line":570},"37":{"loc":{"start":{"line":570,"column":8},"end":{"line":570,"column":57}},"type":"binary-expr","locations":[{"start":{"line":570,"column":8},"end":{"line":570,"column":41}},{"start":{"line":570,"column":41},"end":{"line":570,"column":57}}],"line":570},"38":{"loc":{"start":{"line":573,"column":15},"end":{"line":573,"column":null}},"type":"binary-expr","locations":[{"start":{"line":573,"column":15},"end":{"line":573,"column":40}},{"start":{"line":573,"column":40},"end":{"line":573,"column":null}}],"line":573},"39":{"loc":{"start":{"line":575,"column":6},"end":{"line":583,"column":null}},"type":"if","locations":[{"start":{"line":575,"column":6},"end":{"line":583,"column":null}},{"start":{},"end":{}}],"line":575},"40":{"loc":{"start":{"line":575,"column":10},"end":{"line":575,"column":57}},"type":"binary-expr","locations":[{"start":{"line":575,"column":10},"end":{"line":575,"column":25}},{"start":{"line":575,"column":25},"end":{"line":575,"column":57}}],"line":575},"41":{"loc":{"start":{"line":579,"column":18},"end":{"line":579,"column":null}},"type":"binary-expr","locations":[{"start":{"line":579,"column":18},"end":{"line":579,"column":44}},{"start":{"line":579,"column":44},"end":{"line":579,"column":null}}],"line":579},"42":{"loc":{"start":{"line":595,"column":2},"end":{"line":595,"column":null}},"type":"default-arg","locations":[{"start":{"line":595,"column":20},"end":{"line":595,"column":null}}],"line":595},"43":{"loc":{"start":{"line":596,"column":2},"end":{"line":596,"column":null}},"type":"default-arg","locations":[{"start":{"line":596,"column":27},"end":{"line":596,"column":null}}],"line":596},"44":{"loc":{"start":{"line":613,"column":4},"end":{"line":639,"column":null}},"type":"switch","locations":[{"start":{"line":614,"column":6},"end":{"line":619,"column":null}},{"start":{"line":620,"column":6},"end":{"line":624,"column":null}},{"start":{"line":625,"column":6},"end":{"line":638,"column":null}}],"line":613},"45":{"loc":{"start":{"line":616,"column":29},"end":{"line":616,"column":68}},"type":"binary-expr","locations":[{"start":{"line":616,"column":29},"end":{"line":616,"column":62}},{"start":{"line":616,"column":62},"end":{"line":616,"column":68}}],"line":616},"46":{"loc":{"start":{"line":616,"column":68},"end":{"line":616,"column":null}},"type":"binary-expr","locations":[{"start":{"line":616,"column":68},"end":{"line":616,"column":99}},{"start":{"line":616,"column":99},"end":{"line":616,"column":null}}],"line":616},"47":{"loc":{"start":{"line":617,"column":22},"end":{"line":617,"column":null}},"type":"binary-expr","locations":[{"start":{"line":617,"column":22},"end":{"line":617,"column":50}},{"start":{"line":617,"column":50},"end":{"line":617,"column":null}}],"line":617},"48":{"loc":{"start":{"line":622,"column":27},"end":{"line":622,"column":null}},"type":"binary-expr","locations":[{"start":{"line":622,"column":27},"end":{"line":622,"column":52}},{"start":{"line":622,"column":52},"end":{"line":622,"column":null}}],"line":622},"49":{"loc":{"start":{"line":627,"column":28},"end":{"line":627,"column":null}},"type":"binary-expr","locations":[{"start":{"line":627,"column":28},"end":{"line":627,"column":55}},{"start":{"line":627,"column":55},"end":{"line":627,"column":null}}],"line":627},"50":{"loc":{"start":{"line":630,"column":8},"end":{"line":633,"column":null}},"type":"if","locations":[{"start":{"line":630,"column":8},"end":{"line":633,"column":null}},{"start":{},"end":{}}],"line":630},"51":{"loc":{"start":{"line":636,"column":21},"end":{"line":636,"column":null}},"type":"binary-expr","locations":[{"start":{"line":636,"column":21},"end":{"line":636,"column":48}},{"start":{"line":636,"column":48},"end":{"line":636,"column":null}}],"line":636},"52":{"loc":{"start":{"line":643,"column":2},"end":{"line":649,"column":null}},"type":"if","locations":[{"start":{"line":643,"column":2},"end":{"line":649,"column":null}},{"start":{},"end":{}}],"line":643},"53":{"loc":{"start":{"line":664,"column":63},"end":{"line":664,"column":97}},"type":"default-arg","locations":[{"start":{"line":664,"column":81},"end":{"line":664,"column":97}}],"line":664},"54":{"loc":{"start":{"line":670,"column":4},"end":{"line":670,"column":null}},"type":"if","locations":[{"start":{"line":670,"column":4},"end":{"line":670,"column":null}},{"start":{},"end":{}}],"line":670},"55":{"loc":{"start":{"line":689,"column":2},"end":{"line":689,"column":null}},"type":"default-arg","locations":[{"start":{"line":689,"column":20},"end":{"line":689,"column":null}}],"line":689},"56":{"loc":{"start":{"line":690,"column":2},"end":{"line":690,"column":null}},"type":"default-arg","locations":[{"start":{"line":690,"column":27},"end":{"line":690,"column":null}}],"line":690},"57":{"loc":{"start":{"line":691,"column":2},"end":{"line":691,"column":null}},"type":"default-arg","locations":[{"start":{"line":691,"column":28},"end":{"line":691,"column":null}}],"line":691},"58":{"loc":{"start":{"line":752,"column":13},"end":{"line":752,"column":83}},"type":"binary-expr","locations":[{"start":{"line":752,"column":13},"end":{"line":752,"column":72}},{"start":{"line":752,"column":72},"end":{"line":752,"column":83}}],"line":752},"59":{"loc":{"start":{"line":757,"column":19},"end":{"line":757,"column":78}},"type":"binary-expr","locations":[{"start":{"line":757,"column":19},"end":{"line":757,"column":33}},{"start":{"line":757,"column":21},"end":{"line":757,"column":78}}],"line":757},"60":{"loc":{"start":{"line":758,"column":31},"end":{"line":758,"column":60}},"type":"binary-expr","locations":[{"start":{"line":758,"column":31},"end":{"line":758,"column":56}},{"start":{"line":758,"column":56},"end":{"line":758,"column":60}}],"line":758},"61":{"loc":{"start":{"line":762,"column":19},"end":{"line":762,"column":96}},"type":"binary-expr","locations":[{"start":{"line":762,"column":19},"end":{"line":762,"column":45}},{"start":{"line":762,"column":45},"end":{"line":762,"column":67}},{"start":{"line":762,"column":67},"end":{"line":762,"column":96}}],"line":762},"62":{"loc":{"start":{"line":780,"column":4},"end":{"line":780,"column":null}},"type":"if","locations":[{"start":{"line":780,"column":4},"end":{"line":780,"column":null}},{"start":{},"end":{}}],"line":780},"63":{"loc":{"start":{"line":780,"column":8},"end":{"line":780,"column":48}},"type":"binary-expr","locations":[{"start":{"line":780,"column":8},"end":{"line":780,"column":23}},{"start":{"line":780,"column":23},"end":{"line":780,"column":48}}],"line":780},"64":{"loc":{"start":{"line":803,"column":52},"end":{"line":803,"column":87}},"type":"binary-expr","locations":[{"start":{"line":803,"column":52},"end":{"line":803,"column":81}},{"start":{"line":803,"column":81},"end":{"line":803,"column":87}}],"line":803},"65":{"loc":{"start":{"line":803,"column":87},"end":{"line":803,"column":null}},"type":"binary-expr","locations":[{"start":{"line":803,"column":87},"end":{"line":803,"column":115}},{"start":{"line":803,"column":115},"end":{"line":803,"column":null}}],"line":803},"66":{"loc":{"start":{"line":817,"column":2},"end":{"line":821,"column":null}},"type":"if","locations":[{"start":{"line":817,"column":2},"end":{"line":821,"column":null}},{"start":{"line":819,"column":2},"end":{"line":821,"column":null}}],"line":817},"67":{"loc":{"start":{"line":819,"column":2},"end":{"line":821,"column":null}},"type":"if","locations":[{"start":{"line":819,"column":2},"end":{"line":821,"column":null}},{"start":{},"end":{}}],"line":819},"68":{"loc":{"start":{"line":832,"column":18},"end":{"line":832,"column":53}},"type":"binary-expr","locations":[{"start":{"line":832,"column":18},"end":{"line":832,"column":47}},{"start":{"line":832,"column":47},"end":{"line":832,"column":53}}],"line":832},"69":{"loc":{"start":{"line":832,"column":53},"end":{"line":832,"column":null}},"type":"binary-expr","locations":[{"start":{"line":832,"column":53},"end":{"line":832,"column":81}},{"start":{"line":832,"column":81},"end":{"line":832,"column":null}}],"line":832},"70":{"loc":{"start":{"line":861,"column":2},"end":{"line":866,"column":null}},"type":"if","locations":[{"start":{"line":861,"column":2},"end":{"line":866,"column":null}},{"start":{},"end":{}}],"line":861},"71":{"loc":{"start":{"line":885,"column":16},"end":{"line":885,"column":null}},"type":"binary-expr","locations":[{"start":{"line":885,"column":16},"end":{"line":885,"column":26}},{"start":{"line":885,"column":26},"end":{"line":885,"column":null}}],"line":885},"72":{"loc":{"start":{"line":895,"column":55},"end":{"line":895,"column":null}},"type":"default-arg","locations":[{"start":{"line":895,"column":73},"end":{"line":895,"column":null}}],"line":895},"73":{"loc":{"start":{"line":906,"column":53},"end":{"line":906,"column":78}},"type":"binary-expr","locations":[{"start":{"line":906,"column":53},"end":{"line":906,"column":68}},{"start":{"line":906,"column":68},"end":{"line":906,"column":78}}],"line":906},"74":{"loc":{"start":{"line":909,"column":4},"end":{"line":909,"column":null}},"type":"if","locations":[{"start":{"line":909,"column":4},"end":{"line":909,"column":null}},{"start":{},"end":{}}],"line":909},"75":{"loc":{"start":{"line":911,"column":18},"end":{"line":911,"column":null}},"type":"cond-expr","locations":[{"start":{"line":911,"column":47},"end":{"line":911,"column":58}},{"start":{"line":911,"column":58},"end":{"line":911,"column":null}}],"line":911},"76":{"loc":{"start":{"line":920,"column":13},"end":{"line":920,"column":null}},"type":"cond-expr","locations":[{"start":{"line":920,"column":42},"end":{"line":920,"column":54}},{"start":{"line":920,"column":54},"end":{"line":920,"column":null}}],"line":920}},"s":{"0":4,"1":4,"2":4,"3":4,"4":7,"5":7,"6":7,"7":7,"8":7,"9":7,"10":0,"11":7,"12":7,"13":7,"14":7,"15":12,"16":12,"17":10,"18":2,"19":1,"20":1,"21":11,"22":11,"23":11,"24":11,"25":11,"26":1,"27":10,"28":3,"29":3,"30":1,"31":7,"32":1,"33":8,"34":3,"35":3,"36":1,"37":5,"38":1,"39":6,"40":2,"41":1,"42":1,"43":2,"44":2,"45":7,"46":3,"47":4,"48":4,"49":1,"50":7,"51":1,"52":1,"53":1,"54":3,"55":7,"56":2,"57":1,"58":7,"59":7,"60":8,"61":3,"62":3,"63":3,"64":3,"65":3,"66":1,"67":1,"68":1,"69":3,"70":8,"71":1,"72":1,"73":1,"74":1,"75":7,"76":7,"77":7,"78":7,"79":7,"80":7,"81":7,"82":6,"83":3,"84":3,"85":3,"86":3,"87":1,"88":1,"89":1,"90":2,"91":2,"92":2,"93":1,"94":1,"95":2,"96":2,"97":2,"98":7,"99":4,"100":4,"101":1,"102":1,"103":7,"104":4,"105":4,"106":4,"107":4,"108":19,"109":3,"110":16,"111":16,"112":16,"113":4,"114":1,"115":1,"116":1,"117":1,"118":1,"119":1,"120":1,"121":1,"122":3,"123":4,"124":3,"125":3,"126":4,"127":1,"128":3,"129":4,"130":1,"131":1,"132":1,"133":1,"134":3,"135":1,"136":1,"137":3,"138":3,"139":3,"140":1,"141":0,"142":1,"143":1,"144":1,"145":1,"146":1,"147":3,"148":3,"149":1,"150":3,"151":3,"152":3,"153":3,"154":3,"155":3,"156":3,"157":3,"158":1,"159":2,"160":1,"161":3,"162":3,"163":1,"164":2,"165":2,"166":2,"167":2,"168":4,"169":4,"170":2,"171":2,"172":2,"173":2,"174":14,"175":2,"176":8,"177":1,"178":7,"179":8,"180":8,"181":8,"182":8,"183":2},"f":{"0":7,"1":12,"2":11,"3":11,"4":2,"5":7,"6":1,"7":7,"8":8,"9":3,"10":1,"11":7,"12":6,"13":1,"14":4,"15":1,"16":3,"17":4,"18":3,"19":4,"20":1,"21":4,"22":1,"23":1,"24":1,"25":1,"26":1,"27":1,"28":1,"29":1,"30":1,"31":3,"32":2,"33":4,"34":2,"35":14},"b":{"0":[7,1],"1":[7,2],"2":[7,0],"3":[7,2],"4":[7,0],"5":[0,7],"6":[10,2],"7":[1,1],"8":[1,10],"9":[3,7],"10":[10,4],"11":[1,2],"12":[1,6],"13":[3,5],"14":[8,4],"15":[1,2],"16":[1,4],"17":[1,1],"18":[1,0],"19":[3,4],"20":[7,6,6],"21":[1,0],"22":[1,6],"23":[1,0],"24":[2,5],"25":[3,5],"26":[8,5,5,3],"27":[3,0],"28":[3,0],"29":[3,3],"30":[1,2],"31":[3,3,1],"32":[1,0],"33":[0,3],"34":[0,0],"35":[3,0],"36":[1,7],"37":[8,1],"38":[1,0],"39":[1,0],"40":[1,1],"41":[1,0],"42":[7],"43":[7],"44":[3,1,2],"45":[3,0],"46":[3,2],"47":[3,0],"48":[1,0],"49":[2,0],"50":[1,1],"51":[2,1],"52":[4,3],"53":[4],"54":[3,16],"55":[1],"56":[1],"57":[1],"58":[4,3],"59":[4,1],"60":[1,0],"61":[4,4,1],"62":[0,1],"63":[1,1],"64":[3,2],"65":[3,3],"66":[1,2],"67":[1,1],"68":[3,2],"69":[3,3],"70":[1,2],"71":[4,2],"72":[2],"73":[14,2],"74":[1,7],"75":[1,6],"76":[1,6]},"meta":{"lastBranch":77,"lastFunction":36,"lastStatement":184,"seen":{"s:25:60:92:Infinity":0,"s:94:25:94:Infinity":1,"s:102:82:243:Infinity":2,"s:257:76:378:Infinity":3,"f:389:16:389:Infinity":0,"s:395:21:395:Infinity":4,"b:395:21:395:62:395:62:395:Infinity":0,"s:399:23:399:Infinity":5,"b:399:23:399:54:399:54:399:Infinity":1,"s:402:26:402:Infinity":6,"b:402:26:402:49:402:49:402:Infinity":2,"s:404:27:404:Infinity":7,"b:404:27:404:76:404:76:404:Infinity":3,"s:405:30:405:Infinity":8,"b:405:30:405:71:405:71:405:Infinity":4,"b:407:2:407:Infinity:undefined:undefined:undefined:undefined":5,"s:407:2:407:Infinity":9,"s:407:26:407:Infinity":10,"s:410:31:410:Infinity":11,"s:411:29:411:Infinity":12,"s:414:34:414:Infinity":13,"s:416:2:416:Infinity":14,"f:422:16:422:29":1,"s:423:15:423:Infinity":15,"b:426:2:428:Infinity:undefined:undefined:undefined:undefined":6,"s:426:2:428:Infinity":16,"s:427:4:427:Infinity":17,"b:431:2:433:Infinity:undefined:undefined:undefined:undefined":7,"s:431:2:433:Infinity":18,"s:432:4:432:Infinity":19,"s:436:2:436:Infinity":20,"f:442:16:442:39":2,"s:443:23:443:Infinity":21,"s:444:21:444:Infinity":22,"s:446:2:466:Infinity":23,"f:446:23:446:24":3,"s:447:25:447:Infinity":24,"b:449:4:449:Infinity:undefined:undefined:undefined:undefined":8,"s:449:4:449:Infinity":25,"s:449:35:449:Infinity":26,"b:451:4:456:Infinity:454:4:456:Infinity":9,"s:451:4:456:Infinity":27,"b:451:8:451:26:451:26:451:47":10,"s:452:27:452:Infinity":28,"b:453:6:453:Infinity:undefined:undefined:undefined:undefined":11,"s:453:6:453:Infinity":29,"s:453:39:453:Infinity":30,"b:454:4:456:Infinity:undefined:undefined:undefined:undefined":12,"s:454:4:456:Infinity":31,"s:455:6:455:Infinity":32,"b:458:4:463:Infinity:461:4:463:Infinity":13,"s:458:4:463:Infinity":33,"b:458:8:458:24:458:24:458:43":14,"s:459:25:459:Infinity":34,"b:460:6:460:Infinity:undefined:undefined:undefined:undefined":15,"s:460:6:460:Infinity":35,"s:460:37:460:Infinity":36,"b:461:4:463:Infinity:undefined:undefined:undefined:undefined":16,"s:461:4:463:Infinity":37,"s:462:6:462:Infinity":38,"s:465:4:465:Infinity":39,"f:475:16:475:40":4,"b:476:2:478:Infinity:undefined:undefined:undefined:undefined":17,"s:476:2:478:Infinity":40,"s:477:4:477:Infinity":41,"s:480:19:480:Infinity":42,"b:480:19:480:42:480:42:480:Infinity":18,"s:481:26:481:Infinity":43,"s:484:2:489:Infinity":44,"f:499:16:499:46":5,"b:501:2:503:Infinity:undefined:undefined:undefined:undefined":19,"s:501:2:503:Infinity":45,"b:501:6:501:38:501:38:501:62:501:62:501:93":20,"s:502:4:502:Infinity":46,"s:505:19:505:Infinity":47,"s:508:22:510:Infinity":48,"f:508:43:508:44":6,"s:509:4:509:Infinity":49,"b:509:11:509:36:509:36:509:Infinity":21,"b:513:2:521:Infinity:undefined:undefined:undefined:undefined":22,"s:513:2:521:Infinity":50,"s:515:25:515:Infinity":51,"b:517:4:520:Infinity:undefined:undefined:undefined:undefined":23,"s:517:4:520:Infinity":52,"s:519:6:519:Infinity":53,"s:525:23:525:Infinity":54,"b:526:2:529:Infinity:undefined:undefined:undefined:undefined":24,"s:526:2:529:Infinity":55,"s:528:4:528:Infinity":56,"s:532:2:532:Infinity":57,"f:538:16:538:49":7,"s:539:125:539:Infinity":58,"s:542:2:585:Infinity":59,"f:542:17:542:18":8,"b:544:4:567:Infinity:undefined:undefined:undefined:undefined":25,"s:544:4:567:Infinity":60,"b:544:9:544:41:544:41:544:73:544:73:544:105:544:105:544:121":26,"s:545:26:548:Infinity":61,"f:545:46:545:47":9,"s:547:8:547:Infinity":62,"b:547:15:547:40:547:40:547:Infinity":27,"b:549:6:566:Infinity:undefined:undefined:undefined:undefined":28,"s:549:6:566:Infinity":63,"b:549:10:549:25:549:25:549:57":29,"s:551:28:551:Infinity":64,"b:552:8:557:Infinity:undefined:undefined:undefined:undefined":30,"s:552:8:557:Infinity":65,"b:552:12:552:44:552:44:552:67:552:67:552:98":31,"s:553:31:553:Infinity":66,"b:554:10:556:Infinity:undefined:undefined:undefined:undefined":32,"s:554:10:556:Infinity":67,"s:555:12:555:Infinity":68,"s:559:8:565:Infinity":69,"b:562:43:562:111:562:111:562:Infinity":33,"b:562:46:562:69:562:69:562:78":34,"b:562:111:562:134:562:134:562:Infinity":35,"b:570:4:584:Infinity:undefined:undefined:undefined:undefined":36,"s:570:4:584:Infinity":70,"b:570:8:570:41:570:41:570:57":37,"s:571:26:574:Infinity":71,"f:571:46:571:47":10,"s:573:8:573:Infinity":72,"b:573:15:573:40:573:40:573:Infinity":38,"b:575:6:583:Infinity:undefined:undefined:undefined:undefined":39,"s:575:6:583:Infinity":73,"b:575:10:575:25:575:25:575:57":40,"s:576:8:582:Infinity":74,"b:579:18:579:44:579:44:579:Infinity":41,"s:587:2:587:Infinity":75,"f:593:16:593:Infinity":11,"b:595:20:595:Infinity":42,"b:596:27:596:Infinity":43,"s:605:25:605:Infinity":76,"s:606:23:606:Infinity":77,"s:607:25:607:Infinity":78,"s:608:18:608:Infinity":79,"s:609:17:609:Infinity":80,"s:612:2:640:Infinity":81,"f:612:18:612:19":12,"b:614:6:619:Infinity:620:6:624:Infinity:625:6:638:Infinity":44,"s:613:4:639:Infinity":82,"s:615:20:615:Infinity":83,"s:616:8:616:Infinity":84,"b:616:29:616:62:616:62:616:68":45,"b:616:68:616:99:616:99:616:Infinity":46,"s:617:8:617:Infinity":85,"b:617:22:617:50:617:50:617:Infinity":47,"s:618:8:618:Infinity":86,"s:621:20:621:Infinity":87,"s:622:8:622:Infinity":88,"b:622:27:622:52:622:52:622:Infinity":48,"s:623:8:623:Infinity":89,"s:626:20:626:Infinity":90,"s:627:28:627:Infinity":91,"b:627:28:627:55:627:55:627:Infinity":49,"b:630:8:633:Infinity:undefined:undefined:undefined:undefined":50,"s:630:8:633:Infinity":92,"s:631:25:631:Infinity":93,"s:632:10:632:Infinity":94,"s:635:8:635:Infinity":95,"s:636:8:636:Infinity":96,"b:636:21:636:48:636:48:636:Infinity":51,"s:637:8:637:Infinity":97,"b:643:2:649:Infinity:undefined:undefined:undefined:undefined":52,"s:643:2:649:Infinity":98,"s:644:27:644:Infinity":99,"s:645:4:648:Infinity":100,"f:645:27:645:34":13,"s:646:6:646:Infinity":101,"s:647:6:647:Infinity":102,"s:651:2:658:Infinity":103,"f:664:16:664:40":14,"b:664:81:664:97":53,"s:665:17:665:Infinity":104,"s:666:12:666:Infinity":105,"s:667:22:667:Infinity":106,"s:669:2:679:Infinity":107,"b:670:4:670:Infinity:undefined:undefined:undefined:undefined":54,"s:670:4:670:Infinity":108,"s:670:40:670:Infinity":109,"s:672:29:675:Infinity":110,"s:677:4:677:Infinity":111,"s:678:4:678:Infinity":112,"s:681:2:681:Infinity":113,"f:687:16:687:Infinity":15,"b:689:20:689:Infinity":55,"b:690:27:690:Infinity":56,"b:691:28:691:Infinity":57,"s:697:6:697:Infinity":114,"s:700:17:700:Infinity":115,"s:703:22:703:Infinity":116,"s:706:27:706:Infinity":117,"s:709:24:712:Infinity":118,"s:715:22:715:Infinity":119,"s:718:21:721:Infinity":120,"s:723:2:736:Infinity":121,"f:744:16:744:Infinity":16,"s:751:22:753:Infinity":122,"f:752:12:752:13":17,"s:752:13:752:83":123,"b:752:13:752:72:752:72:752:83":58,"f:753:12:753:13":18,"s:753:24:753:49":124,"s:756:21:758:Infinity":125,"f:757:12:757:13":19,"s:757:19:757:78":126,"b:757:19:757:33:757:21:757:78":59,"f:758:12:758:13":20,"s:758:24:758:60":127,"b:758:31:758:56:758:56:758:60":60,"s:761:27:768:Infinity":128,"f:762:12:762:13":21,"s:762:19:762:96":129,"b:762:19:762:45:762:45:762:67:762:67:762:96":61,"f:763:12:763:13":22,"s:764:27:766:Infinity":130,"f:765:16:765:17":23,"s:765:23:765:48":131,"f:766:16:766:17":24,"s:766:30:766:48":132,"s:767:6:767:Infinity":133,"s:771:19:773:Infinity":134,"f:772:12:772:13":25,"s:772:13:772:63":135,"f:773:12:773:13":26,"s:773:24:773:48":136,"s:776:22:776:Infinity":137,"s:777:21:777:Infinity":138,"s:779:2:788:Infinity":139,"f:779:22:779:23":27,"b:780:4:780:Infinity:undefined:undefined:undefined:undefined":62,"s:780:4:780:Infinity":140,"b:780:8:780:23:780:23:780:48":63,"s:780:48:780:Infinity":141,"s:782:25:782:Infinity":142,"f:782:43:782:48":28,"s:782:48:782:84":143,"s:784:4:787:Infinity":144,"f:784:25:784:30":29,"s:785:6:785:Infinity":145,"s:786:6:786:Infinity":146,"s:790:23:790:Infinity":147,"s:793:26:797:Infinity":148,"f:794:19:794:20":30,"s:794:26:794:51":149,"s:800:25:800:Infinity":150,"s:803:20:803:Infinity":151,"b:803:52:803:81:803:81:803:87":64,"b:803:87:803:115:803:115:803:Infinity":65,"s:804:24:804:Infinity":152,"s:809:32:809:Infinity":153,"s:812:24:812:Infinity":154,"s:813:20:813:Infinity":155,"s:816:49:816:Infinity":156,"b:817:2:821:Infinity:819:2:821:Infinity":66,"s:817:2:821:Infinity":157,"s:818:4:818:Infinity":158,"b:819:2:821:Infinity:undefined:undefined:undefined:undefined":67,"s:819:2:821:Infinity":159,"s:820:4:820:Infinity":160,"s:823:2:851:Infinity":161,"b:832:18:832:47:832:47:832:53":68,"b:832:53:832:81:832:81:832:Infinity":69,"f:857:16:857:38":31,"b:861:2:866:Infinity:undefined:undefined:undefined:undefined":70,"s:861:2:866:Infinity":162,"s:862:4:865:Infinity":163,"s:868:23:871:Infinity":164,"f:869:4:869:5":32,"s:869:21:869:Infinity":165,"s:873:28:873:Infinity":166,"s:875:2:878:Infinity":167,"f:884:16:884:26":33,"s:885:16:885:Infinity":168,"b:885:16:885:26:885:26:885:Infinity":71,"s:886:2:889:Infinity":169,"f:895:16:895:32":34,"b:895:73:895:Infinity":72,"s:901:17:901:Infinity":170,"s:902:22:902:Infinity":171,"s:903:20:903:Infinity":172,"s:906:25:906:Infinity":173,"f:906:48:906:53":35,"s:906:53:906:78":174,"b:906:53:906:68:906:68:906:78":73,"s:908:2:927:Infinity":175,"b:909:4:909:Infinity:undefined:undefined:undefined:undefined":74,"s:909:4:909:Infinity":176,"s:909:40:909:Infinity":177,"s:911:18:911:Infinity":178,"b:911:47:911:58:911:58:911:Infinity":75,"s:912:29:915:Infinity":179,"s:917:22:917:Infinity":180,"s:919:4:924:Infinity":181,"b:920:42:920:54:920:54:920:Infinity":76,"s:926:4:926:Infinity":182,"s:929:2:929:Infinity":183}}}
,"/home/jerad/VSCode/Personal/WealthGuardLK/src/lib/taxYear.ts": {"path":"/home/jerad/VSCode/Personal/WealthGuardLK/src/lib/taxYear.ts","statementMap":{"0":{"start":{"line":11,"column":14},"end":{"line":11,"column":null}},"1":{"start":{"line":12,"column":15},"end":{"line":12,"column":null}},"2":{"start":{"line":13,"column":16},"end":{"line":13,"column":null}},"3":{"start":{"line":17,"column":2},"end":{"line":19,"column":null}},"4":{"start":{"line":18,"column":4},"end":{"line":18,"column":null}},"5":{"start":{"line":23,"column":2},"end":{"line":23,"column":null}},"6":{"start":{"line":30,"column":20},"end":{"line":30,"column":null}},"7":{"start":{"line":31,"column":18},"end":{"line":31,"column":null}},"8":{"start":{"line":32,"column":2},"end":{"line":32,"column":null}},"9":{"start":{"line":39,"column":20},"end":{"line":39,"column":null}},"10":{"start":{"line":41,"column":2},"end":{"line":44,"column":null}},"11":{"start":{"line":51,"column":18},"end":{"line":51,"column":null}},"12":{"start":{"line":52,"column":25},"end":{"line":52,"column":null}},"13":{"start":{"line":54,"column":2},"end":{"line":54,"column":null}},"14":{"start":{"line":61,"column":18},"end":{"line":61,"column":null}},"15":{"start":{"line":62,"column":15},"end":{"line":62,"column":null}},"16":{"start":{"line":63,"column":16},"end":{"line":63,"column":null}},"17":{"start":{"line":66,"column":2},"end":{"line":68,"column":null}},"18":{"start":{"line":67,"column":4},"end":{"line":67,"column":null}},"19":{"start":{"line":71,"column":2},"end":{"line":71,"column":null}},"20":{"start":{"line":78,"column":22},"end":{"line":78,"column":null}},"21":{"start":{"line":79,"column":26},"end":{"line":79,"column":null}},"22":{"start":{"line":81,"column":2},"end":{"line":83,"column":null}},"23":{"start":{"line":81,"column":15},"end":{"line":81,"column":18}},"24":{"start":{"line":82,"column":4},"end":{"line":82,"column":null}},"25":{"start":{"line":85,"column":2},"end":{"line":85,"column":null}},"26":{"start":{"line":92,"column":22},"end":{"line":92,"column":null}},"27":{"start":{"line":93,"column":16},"end":{"line":93,"column":null}},"28":{"start":{"line":94,"column":26},"end":{"line":94,"column":null}},"29":{"start":{"line":96,"column":2},"end":{"line":98,"column":null}},"30":{"start":{"line":96,"column":18},"end":{"line":96,"column":31}},"31":{"start":{"line":97,"column":4},"end":{"line":97,"column":null}},"32":{"start":{"line":100,"column":2},"end":{"line":100,"column":null}}},"fnMap":{"0":{"name":"getCurrentTaxYear","decl":{"start":{"line":10,"column":16},"end":{"line":10,"column":44}},"loc":{"start":{"line":10,"column":44},"end":{"line":24,"column":null}},"line":10},"1":{"name":"formatTaxYear","decl":{"start":{"line":29,"column":16},"end":{"line":29,"column":30}},"loc":{"start":{"line":29,"column":52},"end":{"line":33,"column":null}},"line":29},"2":{"name":"getTaxYearDateRange","decl":{"start":{"line":38,"column":16},"end":{"line":38,"column":36}},"loc":{"start":{"line":38,"column":78},"end":{"line":45,"column":null}},"line":38},"3":{"name":"isDateInTaxYear","decl":{"start":{"line":50,"column":16},"end":{"line":50,"column":32}},"loc":{"start":{"line":50,"column":79},"end":{"line":55,"column":null}},"line":50},"4":{"name":"getTaxYearForDate","decl":{"start":{"line":60,"column":16},"end":{"line":60,"column":34}},"loc":{"start":{"line":60,"column":63},"end":{"line":72,"column":null}},"line":60},"5":{"name":"getRecentTaxYears","decl":{"start":{"line":77,"column":16},"end":{"line":77,"column":34}},"loc":{"start":{"line":77,"column":63},"end":{"line":86,"column":null}},"line":77},"6":{"name":"getTaxYearsFromStart","decl":{"start":{"line":91,"column":16},"end":{"line":91,"column":37}},"loc":{"start":{"line":91,"column":66},"end":{"line":101,"column":null}},"line":91}},"branchMap":{"0":{"loc":{"start":{"line":17,"column":2},"end":{"line":19,"column":null}},"type":"if","locations":[{"start":{"line":17,"column":2},"end":{"line":19,"column":null}},{"start":{},"end":{}}],"line":17},"1":{"loc":{"start":{"line":51,"column":18},"end":{"line":51,"column":null}},"type":"cond-expr","locations":[{"start":{"line":51,"column":45},"end":{"line":51,"column":62}},{"start":{"line":51,"column":62},"end":{"line":51,"column":null}}],"line":51},"2":{"loc":{"start":{"line":54,"column":9},"end":{"line":54,"column":null}},"type":"binary-expr","locations":[{"start":{"line":54,"column":9},"end":{"line":54,"column":29}},{"start":{"line":54,"column":29},"end":{"line":54,"column":null}}],"line":54},"3":{"loc":{"start":{"line":61,"column":18},"end":{"line":61,"column":null}},"type":"cond-expr","locations":[{"start":{"line":61,"column":45},"end":{"line":61,"column":62}},{"start":{"line":61,"column":62},"end":{"line":61,"column":null}}],"line":61},"4":{"loc":{"start":{"line":66,"column":2},"end":{"line":68,"column":null}},"type":"if","locations":[{"start":{"line":66,"column":2},"end":{"line":68,"column":null}},{"start":{},"end":{}}],"line":66},"5":{"loc":{"start":{"line":77,"column":34},"end":{"line":77,"column":63}},"type":"default-arg","locations":[{"start":{"line":77,"column":50},"end":{"line":77,"column":63}}],"line":77}},"s":{"0":4,"1":4,"2":4,"3":4,"4":1,"5":3,"6":1,"7":1,"8":1,"9":12,"10":12,"11":11,"12":11,"13":11,"14":4,"15":4,"16":4,"17":4,"18":2,"19":2,"20":1,"21":1,"22":1,"23":1,"24":3,"25":1,"26":1,"27":1,"28":1,"29":1,"30":1,"31":3,"32":1},"f":{"0":4,"1":1,"2":12,"3":11,"4":4,"5":1,"6":1},"b":{"0":[1,3],"1":[10,1],"2":[11,9],"3":[3,1],"4":[2,2],"5":[1]},"meta":{"lastBranch":6,"lastFunction":7,"lastStatement":33,"seen":{"f:10:16:10:44":0,"s:11:14:11:Infinity":0,"s:12:15:12:Infinity":1,"s:13:16:13:Infinity":2,"b:17:2:19:Infinity:undefined:undefined:undefined:undefined":0,"s:17:2:19:Infinity":3,"s:18:4:18:Infinity":4,"s:23:2:23:Infinity":5,"f:29:16:29:30":1,"s:30:20:30:Infinity":6,"s:31:18:31:Infinity":7,"s:32:2:32:Infinity":8,"f:38:16:38:36":2,"s:39:20:39:Infinity":9,"s:41:2:44:Infinity":10,"f:50:16:50:32":3,"s:51:18:51:Infinity":11,"b:51:45:51:62:51:62:51:Infinity":1,"s:52:25:52:Infinity":12,"s:54:2:54:Infinity":13,"b:54:9:54:29:54:29:54:Infinity":2,"f:60:16:60:34":4,"s:61:18:61:Infinity":14,"b:61:45:61:62:61:62:61:Infinity":3,"s:62:15:62:Infinity":15,"s:63:16:63:Infinity":16,"b:66:2:68:Infinity:undefined:undefined:undefined:undefined":4,"s:66:2:68:Infinity":17,"s:67:4:67:Infinity":18,"s:71:2:71:Infinity":19,"f:77:16:77:34":5,"b:77:50:77:63":5,"s:78:22:78:Infinity":20,"s:79:26:79:Infinity":21,"s:81:2:83:Infinity":22,"s:81:15:81:18":23,"s:82:4:82:Infinity":24,"s:85:2:85:Infinity":25,"f:91:16:91:37":6,"s:92:22:92:Infinity":26,"s:93:16:93:Infinity":27,"s:94:26:94:Infinity":28,"s:96:2:98:Infinity":29,"s:96:18:96:31":30,"s:97:4:97:Infinity":31,"s:100:2:100:Infinity":32}}}
}
